Analysis & Synthesis report for controlunit
Thu Jun 16 11:54:39 2022
Quartus Prime Version 20.1.0 Build 711 06/05/2020 SJ Lite Edition


---------------------
; Table of Contents ;
---------------------
  1. Legal Notice
  2. Analysis & Synthesis Summary
  3. Analysis & Synthesis Settings
  4. Parallel Compilation
  5. Analysis & Synthesis Source Files Read
  6. Analysis & Synthesis Resource Usage Summary
  7. Analysis & Synthesis Resource Utilization by Entity
  8. General Register Statistics
  9. Parameter Settings for User Entity Instance: Top-level Entity: |controlunit
 10. Parameter Settings for User Entity Instance: memprog:mem
 11. Port Connectivity Checks: "memprog:mem"
 12. Post-Synthesis Netlist Statistics for Top Partition
 13. Elapsed Time Per Partition
 14. Analysis & Synthesis Messages



----------------
; Legal Notice ;
----------------
Copyright (C) 2020  Intel Corporation. All rights reserved.
Your use of Intel Corporation's design tools, logic functions 
and other software and tools, and any partner logic 
functions, and any output files from any of the foregoing 
(including device programming or simulation files), and any 
associated documentation or information are expressly subject 
to the terms and conditions of the Intel Program License 
Subscription Agreement, the Intel Quartus Prime License Agreement,
the Intel FPGA IP License Agreement, or other applicable license
agreement, including, without limitation, that your use is for
the sole purpose of programming logic devices manufactured by
Intel and sold by Intel or its authorized distributors.  Please
refer to the applicable agreement for further details, at
https://fpgasoftware.intel.com/eula.



+-------------------------------------------------------------------------------+
; Analysis & Synthesis Summary                                                  ;
+---------------------------------+---------------------------------------------+
; Analysis & Synthesis Status     ; Successful - Thu Jun 16 11:54:39 2022       ;
; Quartus Prime Version           ; 20.1.0 Build 711 06/05/2020 SJ Lite Edition ;
; Revision Name                   ; controlunit                                 ;
; Top-level Entity Name           ; controlunit                                 ;
; Family                          ; Cyclone V                                   ;
; Logic utilization (in ALMs)     ; N/A                                         ;
; Total registers                 ; 3                                           ;
; Total pins                      ; 76                                          ;
; Total virtual pins              ; 0                                           ;
; Total block memory bits         ; 0                                           ;
; Total DSP Blocks                ; 0                                           ;
; Total HSSI RX PCSs              ; 0                                           ;
; Total HSSI PMA RX Deserializers ; 0                                           ;
; Total HSSI TX PCSs              ; 0                                           ;
; Total HSSI PMA TX Serializers   ; 0                                           ;
; Total PLLs                      ; 0                                           ;
; Total DLLs                      ; 0                                           ;
+---------------------------------+---------------------------------------------+


+---------------------------------------------------------------------------------------------------------------------------+
; Analysis & Synthesis Settings                                                                                             ;
+---------------------------------------------------------------------------------+--------------------+--------------------+
; Option                                                                          ; Setting            ; Default Value      ;
+---------------------------------------------------------------------------------+--------------------+--------------------+
; Device                                                                          ; 5CGXFC7C7F23C8     ;                    ;
; Top-level entity name                                                           ; controlunit        ; controlunit        ;
; Family name                                                                     ; Cyclone V          ; Cyclone V          ;
; Use smart compilation                                                           ; Off                ; Off                ;
; Enable parallel Assembler and Timing Analyzer during compilation                ; On                 ; On                 ;
; Enable compact report table                                                     ; Off                ; Off                ;
; Restructure Multiplexers                                                        ; Auto               ; Auto               ;
; MLAB Add Timing Constraints For Mixed-Port Feed-Through Mode Setting Don't Care ; Off                ; Off                ;
; Create Debugging Nodes for IP Cores                                             ; Off                ; Off                ;
; Preserve fewer node names                                                       ; On                 ; On                 ;
; Intel FPGA IP Evaluation Mode                                                   ; Enable             ; Enable             ;
; Verilog Version                                                                 ; Verilog_2001       ; Verilog_2001       ;
; VHDL Version                                                                    ; VHDL_1993          ; VHDL_1993          ;
; State Machine Processing                                                        ; Auto               ; Auto               ;
; Safe State Machine                                                              ; Off                ; Off                ;
; Extract Verilog State Machines                                                  ; On                 ; On                 ;
; Extract VHDL State Machines                                                     ; On                 ; On                 ;
; Ignore Verilog initial constructs                                               ; Off                ; Off                ;
; Iteration limit for constant Verilog loops                                      ; 5000               ; 5000               ;
; Iteration limit for non-constant Verilog loops                                  ; 250                ; 250                ;
; Add Pass-Through Logic to Inferred RAMs                                         ; On                 ; On                 ;
; Infer RAMs from Raw Logic                                                       ; On                 ; On                 ;
; Parallel Synthesis                                                              ; On                 ; On                 ;
; DSP Block Balancing                                                             ; Auto               ; Auto               ;
; NOT Gate Push-Back                                                              ; On                 ; On                 ;
; Power-Up Don't Care                                                             ; On                 ; On                 ;
; Remove Redundant Logic Cells                                                    ; Off                ; Off                ;
; Remove Duplicate Registers                                                      ; On                 ; On                 ;
; Ignore CARRY Buffers                                                            ; Off                ; Off                ;
; Ignore CASCADE Buffers                                                          ; Off                ; Off                ;
; Ignore GLOBAL Buffers                                                           ; Off                ; Off                ;
; Ignore ROW GLOBAL Buffers                                                       ; Off                ; Off                ;
; Ignore LCELL Buffers                                                            ; Off                ; Off                ;
; Ignore SOFT Buffers                                                             ; On                 ; On                 ;
; Limit AHDL Integers to 32 Bits                                                  ; Off                ; Off                ;
; Optimization Technique                                                          ; Balanced           ; Balanced           ;
; Carry Chain Length                                                              ; 70                 ; 70                 ;
; Auto Carry Chains                                                               ; On                 ; On                 ;
; Auto Open-Drain Pins                                                            ; On                 ; On                 ;
; Perform WYSIWYG Primitive Resynthesis                                           ; Off                ; Off                ;
; Auto ROM Replacement                                                            ; On                 ; On                 ;
; Auto RAM Replacement                                                            ; On                 ; On                 ;
; Auto DSP Block Replacement                                                      ; On                 ; On                 ;
; Auto Shift Register Replacement                                                 ; Auto               ; Auto               ;
; Allow Shift Register Merging across Hierarchies                                 ; Auto               ; Auto               ;
; Auto Clock Enable Replacement                                                   ; On                 ; On                 ;
; Strict RAM Replacement                                                          ; Off                ; Off                ;
; Allow Synchronous Control Signals                                               ; On                 ; On                 ;
; Force Use of Synchronous Clear Signals                                          ; Off                ; Off                ;
; Auto Resource Sharing                                                           ; Off                ; Off                ;
; Allow Any RAM Size For Recognition                                              ; Off                ; Off                ;
; Allow Any ROM Size For Recognition                                              ; Off                ; Off                ;
; Allow Any Shift Register Size For Recognition                                   ; Off                ; Off                ;
; Use LogicLock Constraints during Resource Balancing                             ; On                 ; On                 ;
; Ignore translate_off and synthesis_off directives                               ; Off                ; Off                ;
; Timing-Driven Synthesis                                                         ; On                 ; On                 ;
; Report Parameter Settings                                                       ; On                 ; On                 ;
; Report Source Assignments                                                       ; On                 ; On                 ;
; Report Connectivity Checks                                                      ; On                 ; On                 ;
; Ignore Maximum Fan-Out Assignments                                              ; Off                ; Off                ;
; Synchronization Register Chain Length                                           ; 3                  ; 3                  ;
; Power Optimization During Synthesis                                             ; Normal compilation ; Normal compilation ;
; HDL message level                                                               ; Level2             ; Level2             ;
; Suppress Register Optimization Related Messages                                 ; Off                ; Off                ;
; Number of Removed Registers Reported in Synthesis Report                        ; 5000               ; 5000               ;
; Number of Swept Nodes Reported in Synthesis Report                              ; 5000               ; 5000               ;
; Number of Inverted Registers Reported in Synthesis Report                       ; 100                ; 100                ;
; Clock MUX Protection                                                            ; On                 ; On                 ;
; Auto Gated Clock Conversion                                                     ; Off                ; Off                ;
; Block Design Naming                                                             ; Auto               ; Auto               ;
; SDC constraint protection                                                       ; Off                ; Off                ;
; Synthesis Effort                                                                ; Auto               ; Auto               ;
; Shift Register Replacement - Allow Asynchronous Clear Signal                    ; On                 ; On                 ;
; Pre-Mapping Resynthesis Optimization                                            ; Off                ; Off                ;
; Analysis & Synthesis Message Level                                              ; Medium             ; Medium             ;
; Disable Register Merging Across Hierarchies                                     ; Auto               ; Auto               ;
; Resource Aware Inference For Block RAM                                          ; On                 ; On                 ;
; Automatic Parallel Synthesis                                                    ; On                 ; On                 ;
; Partial Reconfiguration Bitstream ID                                            ; Off                ; Off                ;
+---------------------------------------------------------------------------------+--------------------+--------------------+


+------------------------------------------+
; Parallel Compilation                     ;
+----------------------------+-------------+
; Processors                 ; Number      ;
+----------------------------+-------------+
; Number detected on machine ; 8           ;
; Maximum allowed            ; 4           ;
;                            ;             ;
; Average used               ; 1.00        ;
; Maximum used               ; 4           ;
;                            ;             ;
; Usage by Processor         ; % Time Used ;
;     Processor 1            ; 100.0%      ;
;     Processors 2-4         ;   0.0%      ;
+----------------------------+-------------+


+------------------------------------------------------------------------------------------------------------------------------------------------------------------------------------------------+
; Analysis & Synthesis Source Files Read                                                                                                                                                         ;
+----------------------------------+-----------------+------------------------------+--------------------------------------------------------------------------------------------------+---------+
; File Name with User-Entered Path ; Used in Netlist ; File Type                    ; File Name with Absolute Path                                                                     ; Library ;
+----------------------------------+-----------------+------------------------------+--------------------------------------------------------------------------------------------------+---------+
; ../counter/counter_c.sv          ; yes             ; User SystemVerilog HDL File  ; C:/Users/Leonel/Documents/UTM/Semestre4/ComputoReconfigurable/Quartus/counter/counter_c.sv       ;         ;
; ../memprog/memprog.sv            ; yes             ; User SystemVerilog HDL File  ; C:/Users/Leonel/Documents/UTM/Semestre4/ComputoReconfigurable/Quartus/memprog/memprog.sv         ;         ;
; controlunit.sv                   ; yes             ; User SystemVerilog HDL File  ; C:/Users/Leonel/Documents/UTM/Semestre4/ComputoReconfigurable/Quartus/controlunit/controlunit.sv ;         ;
+----------------------------------+-----------------+------------------------------+--------------------------------------------------------------------------------------------------+---------+


+----------------------------------------------------------------------+
; Analysis & Synthesis Resource Usage Summary                          ;
+---------------------------------------------+------------------------+
; Resource                                    ; Usage                  ;
+---------------------------------------------+------------------------+
; Estimate of Logic utilization (ALMs needed) ; 3                      ;
;                                             ;                        ;
; Combinational ALUT usage for logic          ; 5                      ;
;     -- 7 input functions                    ; 0                      ;
;     -- 6 input functions                    ; 0                      ;
;     -- 5 input functions                    ; 0                      ;
;     -- 4 input functions                    ; 1                      ;
;     -- <=3 input functions                  ; 4                      ;
;                                             ;                        ;
; Dedicated logic registers                   ; 3                      ;
;                                             ;                        ;
; I/O pins                                    ; 76                     ;
;                                             ;                        ;
; Total DSP Blocks                            ; 0                      ;
;                                             ;                        ;
; Maximum fan-out node                        ; counter_c:counter|q[0] ;
; Maximum fan-out                             ; 5                      ;
; Total fan-out                               ; 101                    ;
; Average fan-out                             ; 0.63                   ;
+---------------------------------------------+------------------------+


+---------------------------------------------------------------------------------------------------------------------------------------------------------------------------------------------------+
; Analysis & Synthesis Resource Utilization by Entity                                                                                                                                               ;
+----------------------------+---------------------+---------------------------+-------------------+------------+------+--------------+--------------------------------+-------------+--------------+
; Compilation Hierarchy Node ; Combinational ALUTs ; Dedicated Logic Registers ; Block Memory Bits ; DSP Blocks ; Pins ; Virtual Pins ; Full Hierarchy Name            ; Entity Name ; Library Name ;
+----------------------------+---------------------+---------------------------+-------------------+------------+------+--------------+--------------------------------+-------------+--------------+
; |controlunit               ; 5 (0)               ; 3 (0)                     ; 0                 ; 0          ; 76   ; 0            ; |controlunit                   ; controlunit ; work         ;
;    |counter_c:counter|     ; 3 (3)               ; 3 (3)                     ; 0                 ; 0          ; 0    ; 0            ; |controlunit|counter_c:counter ; counter_c   ; work         ;
;    |memprog:mem|           ; 2 (2)               ; 0 (0)                     ; 0                 ; 0          ; 0    ; 0            ; |controlunit|memprog:mem       ; memprog     ; work         ;
+----------------------------+---------------------+---------------------------+-------------------+------------+------+--------------+--------------------------------+-------------+--------------+
Note: For table entries with two numbers listed, the numbers in parentheses indicate the number of resources of the given type used by the specific entity alone. The numbers listed outside of parentheses indicate the total resources of the given type used by the specific entity and all of its sub-entities in the hierarchy.


+------------------------------------------------------+
; General Register Statistics                          ;
+----------------------------------------------+-------+
; Statistic                                    ; Value ;
+----------------------------------------------+-------+
; Total registers                              ; 3     ;
; Number of registers using Synchronous Clear  ; 0     ;
; Number of registers using Synchronous Load   ; 0     ;
; Number of registers using Asynchronous Clear ; 0     ;
; Number of registers using Asynchronous Load  ; 0     ;
; Number of registers using Clock Enable       ; 0     ;
; Number of registers using Preset             ; 0     ;
+----------------------------------------------+-------+


+-----------------------------------------------------------------------------+
; Parameter Settings for User Entity Instance: Top-level Entity: |controlunit ;
+----------------+-------+----------------------------------------------------+
; Parameter Name ; Value ; Type                                               ;
+----------------+-------+----------------------------------------------------+
; N              ; 32    ; Signed Integer                                     ;
+----------------+-------+----------------------------------------------------+
Note: In order to hide this table in the UI and the text report file, please set the "Show Parameter Settings in Synthesis Report" option in "Analysis and Synthesis Settings -> More Settings" to "Off".


+----------------------------------------------------------+
; Parameter Settings for User Entity Instance: memprog:mem ;
+----------------+-------+---------------------------------+
; Parameter Name ; Value ; Type                            ;
+----------------+-------+---------------------------------+
; N              ; 32    ; Signed Integer                  ;
+----------------+-------+---------------------------------+
Note: In order to hide this table in the UI and the text report file, please set the "Show Parameter Settings in Synthesis Report" option in "Analysis and Synthesis Settings -> More Settings" to "Off".


+------------------------------------------------------------------------------------------------------------------------+
; Port Connectivity Checks: "memprog:mem"                                                                                ;
+--------------+--------+----------+-------------------------------------------------------------------------------------+
; Port         ; Type   ; Severity ; Details                                                                             ;
+--------------+--------+----------+-------------------------------------------------------------------------------------+
; dout[95..67] ; Output ; Info     ; Connected to dangling logic. Logic that only feeds a dangling port will be removed. ;
; dout[63..3]  ; Output ; Info     ; Connected to dangling logic. Logic that only feeds a dangling port will be removed. ;
+--------------+--------+----------+-------------------------------------------------------------------------------------+


+-----------------------------------------------------+
; Post-Synthesis Netlist Statistics for Top Partition ;
+-----------------------+-----------------------------+
; Type                  ; Count                       ;
+-----------------------+-----------------------------+
; arriav_ff             ; 3                           ;
;     plain             ; 3                           ;
; arriav_lcell_comb     ; 6                           ;
;     normal            ; 6                           ;
;         0 data inputs ; 1                           ;
;         2 data inputs ; 1                           ;
;         3 data inputs ; 3                           ;
;         4 data inputs ; 1                           ;
; boundary_port         ; 76                          ;
;                       ;                             ;
; Max LUT depth         ; 1.00                        ;
; Average LUT depth     ; 0.82                        ;
+-----------------------+-----------------------------+


+-------------------------------+
; Elapsed Time Per Partition    ;
+----------------+--------------+
; Partition Name ; Elapsed Time ;
+----------------+--------------+
; Top            ; 00:00:00     ;
+----------------+--------------+


+-------------------------------+
; Analysis & Synthesis Messages ;
+-------------------------------+
Info: *******************************************************************
Info: Running Quartus Prime Analysis & Synthesis
    Info: Version 20.1.0 Build 711 06/05/2020 SJ Lite Edition
    Info: Processing started: Thu Jun 16 11:54:25 2022
Info: Command: quartus_map --read_settings_files=on --write_settings_files=off controlunit -c controlunit
Warning (18236): Number of processors has not been specified which may cause overloading on shared machines.  Set the global assignment NUM_PARALLEL_PROCESSORS in your QSF to an appropriate value for best performance.
Info (20030): Parallel compilation is enabled and will use 4 of the 4 processors detected
Info (12021): Found 1 design units, including 1 entities, in source file /users/leonel/documents/utm/semestre4/computoreconfigurable/quartus/counter/counter_c.sv
    Info (12023): Found entity 1: counter_c File: C:/Users/Leonel/Documents/UTM/Semestre4/ComputoReconfigurable/Quartus/counter/counter_c.sv Line: 1
Info (12021): Found 1 design units, including 1 entities, in source file /users/leonel/documents/utm/semestre4/computoreconfigurable/quartus/memprog/memprog.sv
    Info (12023): Found entity 1: memprog File: C:/Users/Leonel/Documents/UTM/Semestre4/ComputoReconfigurable/Quartus/memprog/memprog.sv Line: 1
Info (12021): Found 1 design units, including 1 entities, in source file /users/leonel/documents/utm/semestre4/computoreconfigurable/quartus/regfile/regfile.sv
    Info (12023): Found entity 1: regfile File: C:/Users/Leonel/Documents/UTM/Semestre4/ComputoReconfigurable/Quartus/regfile/regfile.sv Line: 1
Info (12021): Found 1 design units, including 1 entities, in source file controlunit.sv
    Info (12023): Found entity 1: controlunit File: C:/Users/Leonel/Documents/UTM/Semestre4/ComputoReconfigurable/Quartus/controlunit/controlunit.sv Line: 1
Info (12127): Elaborating entity "controlunit" for the top level hierarchy
Warning (10034): Output port "d1" at controlunit.sv(5) has no driver File: C:/Users/Leonel/Documents/UTM/Semestre4/ComputoReconfigurable/Quartus/controlunit/controlunit.sv Line: 5
Warning (10034): Output port "operacion" at controlunit.sv(6) has no driver File: C:/Users/Leonel/Documents/UTM/Semestre4/ComputoReconfigurable/Quartus/controlunit/controlunit.sv Line: 6
Info (12128): Elaborating entity "counter_c" for hierarchy "counter_c:counter" File: C:/Users/Leonel/Documents/UTM/Semestre4/ComputoReconfigurable/Quartus/controlunit/controlunit.sv Line: 12
Warning (10230): Verilog HDL assignment warning at counter_c.sv(6): truncated value with size 4 to match size of target (3) File: C:/Users/Leonel/Documents/UTM/Semestre4/ComputoReconfigurable/Quartus/counter/counter_c.sv Line: 6
Warning (10230): Verilog HDL assignment warning at counter_c.sv(8): truncated value with size 32 to match size of target (3) File: C:/Users/Leonel/Documents/UTM/Semestre4/ComputoReconfigurable/Quartus/counter/counter_c.sv Line: 8
Info (12128): Elaborating entity "memprog" for hierarchy "memprog:mem" File: C:/Users/Leonel/Documents/UTM/Semestre4/ComputoReconfigurable/Quartus/controlunit/controlunit.sv Line: 13
Warning (13024): Output pins are stuck at VCC or GND
    Warning (13410): Pin "a0[2]" is stuck at GND File: C:/Users/Leonel/Documents/UTM/Semestre4/ComputoReconfigurable/Quartus/controlunit/controlunit.sv Line: 4
    Warning (13410): Pin "a1[1]" is stuck at GND File: C:/Users/Leonel/Documents/UTM/Semestre4/ComputoReconfigurable/Quartus/controlunit/controlunit.sv Line: 4
    Warning (13410): Pin "a1[2]" is stuck at GND File: C:/Users/Leonel/Documents/UTM/Semestre4/ComputoReconfigurable/Quartus/controlunit/controlunit.sv Line: 4
    Warning (13410): Pin "d0[0]" is stuck at GND File: C:/Users/Leonel/Documents/UTM/Semestre4/ComputoReconfigurable/Quartus/controlunit/controlunit.sv Line: 5
    Warning (13410): Pin "d0[1]" is stuck at GND File: C:/Users/Leonel/Documents/UTM/Semestre4/ComputoReconfigurable/Quartus/controlunit/controlunit.sv Line: 5
    Warning (13410): Pin "d0[2]" is stuck at GND File: C:/Users/Leonel/Documents/UTM/Semestre4/ComputoReconfigurable/Quartus/controlunit/controlunit.sv Line: 5
    Warning (13410): Pin "d0[3]" is stuck at GND File: C:/Users/Leonel/Documents/UTM/Semestre4/ComputoReconfigurable/Quartus/controlunit/controlunit.sv Line: 5
    Warning (13410): Pin "d0[4]" is stuck at GND File: C:/Users/Leonel/Documents/UTM/Semestre4/ComputoReconfigurable/Quartus/controlunit/controlunit.sv Line: 5
    Warning (13410): Pin "d0[5]" is stuck at GND File: C:/Users/Leonel/Documents/UTM/Semestre4/ComputoReconfigurable/Quartus/controlunit/controlunit.sv Line: 5
    Warning (13410): Pin "d0[6]" is stuck at GND File: C:/Users/Leonel/Documents/UTM/Semestre4/ComputoReconfigurable/Quartus/controlunit/controlunit.sv Line: 5
    Warning (13410): Pin "d0[7]" is stuck at GND File: C:/Users/Leonel/Documents/UTM/Semestre4/ComputoReconfigurable/Quartus/controlunit/controlunit.sv Line: 5
    Warning (13410): Pin "d0[8]" is stuck at GND File: C:/Users/Leonel/Documents/UTM/Semestre4/ComputoReconfigurable/Quartus/controlunit/controlunit.sv Line: 5
    Warning (13410): Pin "d0[9]" is stuck at GND File: C:/Users/Leonel/Documents/UTM/Semestre4/ComputoReconfigurable/Quartus/controlunit/controlunit.sv Line: 5
    Warning (13410): Pin "d0[10]" is stuck at GND File: C:/Users/Leonel/Documents/UTM/Semestre4/ComputoReconfigurable/Quartus/controlunit/controlunit.sv Line: 5
    Warning (13410): Pin "d0[11]" is stuck at GND File: C:/Users/Leonel/Documents/UTM/Semestre4/ComputoReconfigurable/Quartus/controlunit/controlunit.sv Line: 5
    Warning (13410): Pin "d0[12]" is stuck at GND File: C:/Users/Leonel/Documents/UTM/Semestre4/ComputoReconfigurable/Quartus/controlunit/controlunit.sv Line: 5
    Warning (13410): Pin "d0[13]" is stuck at GND File: C:/Users/Leonel/Documents/UTM/Semestre4/ComputoReconfigurable/Quartus/controlunit/controlunit.sv Line: 5
    Warning (13410): Pin "d0[14]" is stuck at GND File: C:/Users/Leonel/Documents/UTM/Semestre4/ComputoReconfigurable/Quartus/controlunit/controlunit.sv Line: 5
    Warning (13410): Pin "d0[15]" is stuck at GND File: C:/Users/Leonel/Documents/UTM/Semestre4/ComputoReconfigurable/Quartus/controlunit/controlunit.sv Line: 5
    Warning (13410): Pin "d0[16]" is stuck at GND File: C:/Users/Leonel/Documents/UTM/Semestre4/ComputoReconfigurable/Quartus/controlunit/controlunit.sv Line: 5
    Warning (13410): Pin "d0[17]" is stuck at GND File: C:/Users/Leonel/Documents/UTM/Semestre4/ComputoReconfigurable/Quartus/controlunit/controlunit.sv Line: 5
    Warning (13410): Pin "d0[18]" is stuck at GND File: C:/Users/Leonel/Documents/UTM/Semestre4/ComputoReconfigurable/Quartus/controlunit/controlunit.sv Line: 5
    Warning (13410): Pin "d0[19]" is stuck at GND File: C:/Users/Leonel/Documents/UTM/Semestre4/ComputoReconfigurable/Quartus/controlunit/controlunit.sv Line: 5
    Warning (13410): Pin "d0[20]" is stuck at GND File: C:/Users/Leonel/Documents/UTM/Semestre4/ComputoReconfigurable/Quartus/controlunit/controlunit.sv Line: 5
    Warning (13410): Pin "d0[21]" is stuck at GND File: C:/Users/Leonel/Documents/UTM/Semestre4/ComputoReconfigurable/Quartus/controlunit/controlunit.sv Line: 5
    Warning (13410): Pin "d0[22]" is stuck at GND File: C:/Users/Leonel/Documents/UTM/Semestre4/ComputoReconfigurable/Quartus/controlunit/controlunit.sv Line: 5
    Warning (13410): Pin "d0[23]" is stuck at GND File: C:/Users/Leonel/Documents/UTM/Semestre4/ComputoReconfigurable/Quartus/controlunit/controlunit.sv Line: 5
    Warning (13410): Pin "d0[24]" is stuck at GND File: C:/Users/Leonel/Documents/UTM/Semestre4/ComputoReconfigurable/Quartus/controlunit/controlunit.sv Line: 5
    Warning (13410): Pin "d0[25]" is stuck at GND File: C:/Users/Leonel/Documents/UTM/Semestre4/ComputoReconfigurable/Quartus/controlunit/controlunit.sv Line: 5
    Warning (13410): Pin "d0[26]" is stuck at GND File: C:/Users/Leonel/Documents/UTM/Semestre4/ComputoReconfigurable/Quartus/controlunit/controlunit.sv Line: 5
    Warning (13410): Pin "d0[27]" is stuck at GND File: C:/Users/Leonel/Documents/UTM/Semestre4/ComputoReconfigurable/Quartus/controlunit/controlunit.sv Line: 5
    Warning (13410): Pin "d0[28]" is stuck at GND File: C:/Users/Leonel/Documents/UTM/Semestre4/ComputoReconfigurable/Quartus/controlunit/controlunit.sv Line: 5
    Warning (13410): Pin "d0[29]" is stuck at GND File: C:/Users/Leonel/Documents/UTM/Semestre4/ComputoReconfigurable/Quartus/controlunit/controlunit.sv Line: 5
    Warning (13410): Pin "d0[30]" is stuck at GND File: C:/Users/Leonel/Documents/UTM/Semestre4/ComputoReconfigurable/Quartus/controlunit/controlunit.sv Line: 5
    Warning (13410): Pin "d0[31]" is stuck at GND File: C:/Users/Leonel/Documents/UTM/Semestre4/ComputoReconfigurable/Quartus/controlunit/controlunit.sv Line: 5
    Warning (13410): Pin "d1[0]" is stuck at GND File: C:/Users/Leonel/Documents/UTM/Semestre4/ComputoReconfigurable/Quartus/controlunit/controlunit.sv Line: 5
    Warning (13410): Pin "d1[1]" is stuck at GND File: C:/Users/Leonel/Documents/UTM/Semestre4/ComputoReconfigurable/Quartus/controlunit/controlunit.sv Line: 5
    Warning (13410): Pin "d1[2]" is stuck at GND File: C:/Users/Leonel/Documents/UTM/Semestre4/ComputoReconfigurable/Quartus/controlunit/controlunit.sv Line: 5
    Warning (13410): Pin "d1[3]" is stuck at GND File: C:/Users/Leonel/Documents/UTM/Semestre4/ComputoReconfigurable/Quartus/controlunit/controlunit.sv Line: 5
    Warning (13410): Pin "d1[4]" is stuck at GND File: C:/Users/Leonel/Documents/UTM/Semestre4/ComputoReconfigurable/Quartus/controlunit/controlunit.sv Line: 5
    Warning (13410): Pin "d1[5]" is stuck at GND File: C:/Users/Leonel/Documents/UTM/Semestre4/ComputoReconfigurable/Quartus/controlunit/controlunit.sv Line: 5
    Warning (13410): Pin "d1[6]" is stuck at GND File: C:/Users/Leonel/Documents/UTM/Semestre4/ComputoReconfigurable/Quartus/controlunit/controlunit.sv Line: 5
    Warning (13410): Pin "d1[7]" is stuck at GND File: C:/Users/Leonel/Documents/UTM/Semestre4/ComputoReconfigurable/Quartus/controlunit/controlunit.sv Line: 5
    Warning (13410): Pin "d1[8]" is stuck at GND File: C:/Users/Leonel/Documents/UTM/Semestre4/ComputoReconfigurable/Quartus/controlunit/controlunit.sv Line: 5
    Warning (13410): Pin "d1[9]" is stuck at GND File: C:/Users/Leonel/Documents/UTM/Semestre4/ComputoReconfigurable/Quartus/controlunit/controlunit.sv Line: 5
    Warning (13410): Pin "d1[10]" is stuck at GND File: C:/Users/Leonel/Documents/UTM/Semestre4/ComputoReconfigurable/Quartus/controlunit/controlunit.sv Line: 5
    Warning (13410): Pin "d1[11]" is stuck at GND File: C:/Users/Leonel/Documents/UTM/Semestre4/ComputoReconfigurable/Quartus/controlunit/controlunit.sv Line: 5
    Warning (13410): Pin "d1[12]" is stuck at GND File: C:/Users/Leonel/Documents/UTM/Semestre4/ComputoReconfigurable/Quartus/controlunit/controlunit.sv Line: 5
    Warning (13410): Pin "d1[13]" is stuck at GND File: C:/Users/Leonel/Documents/UTM/Semestre4/ComputoReconfigurable/Quartus/controlunit/controlunit.sv Line: 5
    Warning (13410): Pin "d1[14]" is stuck at GND File: C:/Users/Leonel/Documents/UTM/Semestre4/ComputoReconfigurable/Quartus/controlunit/controlunit.sv Line: 5
    Warning (13410): Pin "d1[15]" is stuck at GND File: C:/Users/Leonel/Documents/UTM/Semestre4/ComputoReconfigurable/Quartus/controlunit/controlunit.sv Line: 5
    Warning (13410): Pin "d1[16]" is stuck at GND File: C:/Users/Leonel/Documents/UTM/Semestre4/ComputoReconfigurable/Quartus/controlunit/controlunit.sv Line: 5
    Warning (13410): Pin "d1[17]" is stuck at GND File: C:/Users/Leonel/Documents/UTM/Semestre4/ComputoReconfigurable/Quartus/controlunit/controlunit.sv Line: 5
    Warning (13410): Pin "d1[18]" is stuck at GND File: C:/Users/Leonel/Documents/UTM/Semestre4/ComputoReconfigurable/Quartus/controlunit/controlunit.sv Line: 5
    Warning (13410): Pin "d1[19]" is stuck at GND File: C:/Users/Leonel/Documents/UTM/Semestre4/ComputoReconfigurable/Quartus/controlunit/controlunit.sv Line: 5
    Warning (13410): Pin "d1[20]" is stuck at GND File: C:/Users/Leonel/Documents/UTM/Semestre4/ComputoReconfigurable/Quartus/controlunit/controlunit.sv Line: 5
    Warning (13410): Pin "d1[21]" is stuck at GND File: C:/Users/Leonel/Documents/UTM/Semestre4/ComputoReconfigurable/Quartus/controlunit/controlunit.sv Line: 5
    Warning (13410): Pin "d1[22]" is stuck at GND File: C:/Users/Leonel/Documents/UTM/Semestre4/ComputoReconfigurable/Quartus/controlunit/controlunit.sv Line: 5
    Warning (13410): Pin "d1[23]" is stuck at GND File: C:/Users/Leonel/Documents/UTM/Semestre4/ComputoReconfigurable/Quartus/controlunit/controlunit.sv Line: 5
    Warning (13410): Pin "d1[24]" is stuck at GND File: C:/Users/Leonel/Documents/UTM/Semestre4/ComputoReconfigurable/Quartus/controlunit/controlunit.sv Line: 5
    Warning (13410): Pin "d1[25]" is stuck at GND File: C:/Users/Leonel/Documents/UTM/Semestre4/ComputoReconfigurable/Quartus/controlunit/controlunit.sv Line: 5
    Warning (13410): Pin "d1[26]" is stuck at GND File: C:/Users/Leonel/Documents/UTM/Semestre4/ComputoReconfigurable/Quartus/controlunit/controlunit.sv Line: 5
    Warning (13410): Pin "d1[27]" is stuck at GND File: C:/Users/Leonel/Documents/UTM/Semestre4/ComputoReconfigurable/Quartus/controlunit/controlunit.sv Line: 5
    Warning (13410): Pin "d1[28]" is stuck at GND File: C:/Users/Leonel/Documents/UTM/Semestre4/ComputoReconfigurable/Quartus/controlunit/controlunit.sv Line: 5
    Warning (13410): Pin "d1[29]" is stuck at GND File: C:/Users/Leonel/Documents/UTM/Semestre4/ComputoReconfigurable/Quartus/controlunit/controlunit.sv Line: 5
    Warning (13410): Pin "d1[30]" is stuck at GND File: C:/Users/Leonel/Documents/UTM/Semestre4/ComputoReconfigurable/Quartus/controlunit/controlunit.sv Line: 5
    Warning (13410): Pin "d1[31]" is stuck at GND File: C:/Users/Leonel/Documents/UTM/Semestre4/ComputoReconfigurable/Quartus/controlunit/controlunit.sv Line: 5
    Warning (13410): Pin "operacion[0]" is stuck at GND File: C:/Users/Leonel/Documents/UTM/Semestre4/ComputoReconfigurable/Quartus/controlunit/controlunit.sv Line: 6
    Warning (13410): Pin "operacion[1]" is stuck at GND File: C:/Users/Leonel/Documents/UTM/Semestre4/ComputoReconfigurable/Quartus/controlunit/controlunit.sv Line: 6
    Warning (13410): Pin "operacion[2]" is stuck at GND File: C:/Users/Leonel/Documents/UTM/Semestre4/ComputoReconfigurable/Quartus/controlunit/controlunit.sv Line: 6
Info (286030): Timing-Driven Synthesis is running
Info (16010): Generating hard_block partition "hard_block:auto_generated_inst"
    Info (16011): Adding 0 node(s), including 0 DDIO, 0 PLL, 0 transceiver and 0 LCELL
Info (21057): Implemented 81 device resources after synthesis - the final resource count might be different
    Info (21058): Implemented 2 input pins
    Info (21059): Implemented 74 output pins
    Info (21061): Implemented 5 logic cells
Info: Quartus Prime Analysis & Synthesis was successful. 0 errors, 76 warnings
    Info: Peak virtual memory: 4823 megabytes
    Info: Processing ended: Thu Jun 16 11:54:39 2022
    Info: Elapsed time: 00:00:14
    Info: Total CPU time (on all processors): 00:00:33


