Analysis & Synthesis report for shacc
Wed Mar 30 11:58:04 2022
Quartus Prime Version 20.1.0 Build 711 06/05/2020 SJ Lite Edition


---------------------
; Table of Contents ;
---------------------
  1. Legal Notice
  2. Analysis & Synthesis Summary
  3. Analysis & Synthesis Settings
  4. Parallel Compilation
  5. Analysis & Synthesis Source Files Read
  6. Analysis & Synthesis Resource Usage Summary
  7. Analysis & Synthesis Resource Utilization by Entity
  8. General Register Statistics
  9. Port Connectivity Checks: "mux2:M"
 10. Post-Synthesis Netlist Statistics for Top Partition
 11. Elapsed Time Per Partition
 12. Analysis & Synthesis Messages



----------------
; Legal Notice ;
----------------
Copyright (C) 2020  Intel Corporation. All rights reserved.
Your use of Intel Corporation's design tools, logic functions 
and other software and tools, and any partner logic 
functions, and any output files from any of the foregoing 
(including device programming or simulation files), and any 
associated documentation or information are expressly subject 
to the terms and conditions of the Intel Program License 
Subscription Agreement, the Intel Quartus Prime License Agreement,
the Intel FPGA IP License Agreement, or other applicable license
agreement, including, without limitation, that your use is for
the sole purpose of programming logic devices manufactured by
Intel and sold by Intel or its authorized distributors.  Please
refer to the applicable agreement for further details, at
https://fpgasoftware.intel.com/eula.



+-------------------------------------------------------------------------------+
; Analysis & Synthesis Summary                                                  ;
+---------------------------------+---------------------------------------------+
; Analysis & Synthesis Status     ; Successful - Wed Mar 30 11:58:04 2022       ;
; Quartus Prime Version           ; 20.1.0 Build 711 06/05/2020 SJ Lite Edition ;
; Revision Name                   ; shacc                                       ;
; Top-level Entity Name           ; shacc                                       ;
; Family                          ; Cyclone V                                   ;
; Logic utilization (in ALMs)     ; N/A                                         ;
; Total registers                 ; 0                                           ;
; Total pins                      ; 96                                          ;
; Total virtual pins              ; 0                                           ;
; Total block memory bits         ; 0                                           ;
; Total DSP Blocks                ; 0                                           ;
; Total HSSI RX PCSs              ; 0                                           ;
; Total HSSI PMA RX Deserializers ; 0                                           ;
; Total HSSI TX PCSs              ; 0                                           ;
; Total HSSI PMA TX Serializers   ; 0                                           ;
; Total PLLs                      ; 0                                           ;
; Total DLLs                      ; 0                                           ;
+---------------------------------+---------------------------------------------+


+---------------------------------------------------------------------------------------------------------------------------+
; Analysis & Synthesis Settings                                                                                             ;
+---------------------------------------------------------------------------------+--------------------+--------------------+
; Option                                                                          ; Setting            ; Default Value      ;
+---------------------------------------------------------------------------------+--------------------+--------------------+
; Device                                                                          ; 5CGXFC7C7F23C8     ;                    ;
; Top-level entity name                                                           ; shacc              ; shacc              ;
; Family name                                                                     ; Cyclone V          ; Cyclone V          ;
; Use smart compilation                                                           ; Off                ; Off                ;
; Enable parallel Assembler and Timing Analyzer during compilation                ; On                 ; On                 ;
; Enable compact report table                                                     ; Off                ; Off                ;
; Restructure Multiplexers                                                        ; Auto               ; Auto               ;
; MLAB Add Timing Constraints For Mixed-Port Feed-Through Mode Setting Don't Care ; Off                ; Off                ;
; Create Debugging Nodes for IP Cores                                             ; Off                ; Off                ;
; Preserve fewer node names                                                       ; On                 ; On                 ;
; Intel FPGA IP Evaluation Mode                                                   ; Enable             ; Enable             ;
; Verilog Version                                                                 ; Verilog_2001       ; Verilog_2001       ;
; VHDL Version                                                                    ; VHDL_1993          ; VHDL_1993          ;
; State Machine Processing                                                        ; Auto               ; Auto               ;
; Safe State Machine                                                              ; Off                ; Off                ;
; Extract Verilog State Machines                                                  ; On                 ; On                 ;
; Extract VHDL State Machines                                                     ; On                 ; On                 ;
; Ignore Verilog initial constructs                                               ; Off                ; Off                ;
; Iteration limit for constant Verilog loops                                      ; 5000               ; 5000               ;
; Iteration limit for non-constant Verilog loops                                  ; 250                ; 250                ;
; Add Pass-Through Logic to Inferred RAMs                                         ; On                 ; On                 ;
; Infer RAMs from Raw Logic                                                       ; On                 ; On                 ;
; Parallel Synthesis                                                              ; On                 ; On                 ;
; DSP Block Balancing                                                             ; Auto               ; Auto               ;
; NOT Gate Push-Back                                                              ; On                 ; On                 ;
; Power-Up Don't Care                                                             ; On                 ; On                 ;
; Remove Redundant Logic Cells                                                    ; Off                ; Off                ;
; Remove Duplicate Registers                                                      ; On                 ; On                 ;
; Ignore CARRY Buffers                                                            ; Off                ; Off                ;
; Ignore CASCADE Buffers                                                          ; Off                ; Off                ;
; Ignore GLOBAL Buffers                                                           ; Off                ; Off                ;
; Ignore ROW GLOBAL Buffers                                                       ; Off                ; Off                ;
; Ignore LCELL Buffers                                                            ; Off                ; Off                ;
; Ignore SOFT Buffers                                                             ; On                 ; On                 ;
; Limit AHDL Integers to 32 Bits                                                  ; Off                ; Off                ;
; Optimization Technique                                                          ; Balanced           ; Balanced           ;
; Carry Chain Length                                                              ; 70                 ; 70                 ;
; Auto Carry Chains                                                               ; On                 ; On                 ;
; Auto Open-Drain Pins                                                            ; On                 ; On                 ;
; Perform WYSIWYG Primitive Resynthesis                                           ; Off                ; Off                ;
; Auto ROM Replacement                                                            ; On                 ; On                 ;
; Auto RAM Replacement                                                            ; On                 ; On                 ;
; Auto DSP Block Replacement                                                      ; On                 ; On                 ;
; Auto Shift Register Replacement                                                 ; Auto               ; Auto               ;
; Allow Shift Register Merging across Hierarchies                                 ; Auto               ; Auto               ;
; Auto Clock Enable Replacement                                                   ; On                 ; On                 ;
; Strict RAM Replacement                                                          ; Off                ; Off                ;
; Allow Synchronous Control Signals                                               ; On                 ; On                 ;
; Force Use of Synchronous Clear Signals                                          ; Off                ; Off                ;
; Auto Resource Sharing                                                           ; Off                ; Off                ;
; Allow Any RAM Size For Recognition                                              ; Off                ; Off                ;
; Allow Any ROM Size For Recognition                                              ; Off                ; Off                ;
; Allow Any Shift Register Size For Recognition                                   ; Off                ; Off                ;
; Use LogicLock Constraints during Resource Balancing                             ; On                 ; On                 ;
; Ignore translate_off and synthesis_off directives                               ; Off                ; Off                ;
; Timing-Driven Synthesis                                                         ; On                 ; On                 ;
; Report Parameter Settings                                                       ; On                 ; On                 ;
; Report Source Assignments                                                       ; On                 ; On                 ;
; Report Connectivity Checks                                                      ; On                 ; On                 ;
; Ignore Maximum Fan-Out Assignments                                              ; Off                ; Off                ;
; Synchronization Register Chain Length                                           ; 3                  ; 3                  ;
; Power Optimization During Synthesis                                             ; Normal compilation ; Normal compilation ;
; HDL message level                                                               ; Level2             ; Level2             ;
; Suppress Register Optimization Related Messages                                 ; Off                ; Off                ;
; Number of Removed Registers Reported in Synthesis Report                        ; 5000               ; 5000               ;
; Number of Swept Nodes Reported in Synthesis Report                              ; 5000               ; 5000               ;
; Number of Inverted Registers Reported in Synthesis Report                       ; 100                ; 100                ;
; Clock MUX Protection                                                            ; On                 ; On                 ;
; Auto Gated Clock Conversion                                                     ; Off                ; Off                ;
; Block Design Naming                                                             ; Auto               ; Auto               ;
; SDC constraint protection                                                       ; Off                ; Off                ;
; Synthesis Effort                                                                ; Auto               ; Auto               ;
; Shift Register Replacement - Allow Asynchronous Clear Signal                    ; On                 ; On                 ;
; Pre-Mapping Resynthesis Optimization                                            ; Off                ; Off                ;
; Analysis & Synthesis Message Level                                              ; Medium             ; Medium             ;
; Disable Register Merging Across Hierarchies                                     ; Auto               ; Auto               ;
; Resource Aware Inference For Block RAM                                          ; On                 ; On                 ;
; Automatic Parallel Synthesis                                                    ; On                 ; On                 ;
; Partial Reconfiguration Bitstream ID                                            ; Off                ; Off                ;
+---------------------------------------------------------------------------------+--------------------+--------------------+


+------------------------------------------+
; Parallel Compilation                     ;
+----------------------------+-------------+
; Processors                 ; Number      ;
+----------------------------+-------------+
; Number detected on machine ; 8           ;
; Maximum allowed            ; 4           ;
;                            ;             ;
; Average used               ; 1.00        ;
; Maximum used               ; 1           ;
;                            ;             ;
; Usage by Processor         ; % Time Used ;
;     Processor 1            ; 100.0%      ;
+----------------------------+-------------+


+---------------------------------------------------------------------------------------------------------------------------------------------------------------------------------------+
; Analysis & Synthesis Source Files Read                                                                                                                                                ;
+----------------------------------+-----------------+------------------------------+-----------------------------------------------------------------------------------------+---------+
; File Name with User-Entered Path ; Used in Netlist ; File Type                    ; File Name with Absolute Path                                                            ; Library ;
+----------------------------------+-----------------+------------------------------+-----------------------------------------------------------------------------------------+---------+
; ../mux2/mux2.sv                  ; yes             ; User SystemVerilog HDL File  ; C:/Users/Leonel/Documents/UTM/Semestre4/ComputoReconfigurable/Quartus/mux2/mux2.sv      ;         ;
; shacc.sv                         ; yes             ; User SystemVerilog HDL File  ; C:/Users/Leonel/Documents/UTM/Semestre4/ComputoReconfigurable/Quartus/shacc.sv/shacc.sv ;         ;
+----------------------------------+-----------------+------------------------------+-----------------------------------------------------------------------------------------+---------+


+---------------------------------------------------------------+
; Analysis & Synthesis Resource Usage Summary                   ;
+---------------------------------------------+-----------------+
; Resource                                    ; Usage           ;
+---------------------------------------------+-----------------+
; Estimate of Logic utilization (ALMs needed) ; 4               ;
;                                             ;                 ;
; Combinational ALUT usage for logic          ; 8               ;
;     -- 7 input functions                    ; 0               ;
;     -- 6 input functions                    ; 0               ;
;     -- 5 input functions                    ; 0               ;
;     -- 4 input functions                    ; 0               ;
;     -- <=3 input functions                  ; 8               ;
;                                             ;                 ;
; Dedicated logic registers                   ; 0               ;
;                                             ;                 ;
; I/O pins                                    ; 96              ;
;                                             ;                 ;
; Total DSP Blocks                            ; 0               ;
;                                             ;                 ;
; Maximum fan-out node                        ; in_sh2[0]~input ;
; Maximum fan-out                             ; 4               ;
; Total fan-out                               ; 153             ;
; Average fan-out                             ; 0.77            ;
+---------------------------------------------+-----------------+


+----------------------------------------------------------------------------------------------------------------------------------------------------------------------------------------+
; Analysis & Synthesis Resource Utilization by Entity                                                                                                                                    ;
+----------------------------+---------------------+---------------------------+-------------------+------------+------+--------------+---------------------+-------------+--------------+
; Compilation Hierarchy Node ; Combinational ALUTs ; Dedicated Logic Registers ; Block Memory Bits ; DSP Blocks ; Pins ; Virtual Pins ; Full Hierarchy Name ; Entity Name ; Library Name ;
+----------------------------+---------------------+---------------------------+-------------------+------------+------+--------------+---------------------+-------------+--------------+
; |shacc                     ; 8 (4)               ; 0 (0)                     ; 0                 ; 0          ; 96   ; 0            ; |shacc              ; shacc       ; work         ;
;    |mux2:M|                ; 4 (4)               ; 0 (0)                     ; 0                 ; 0          ; 0    ; 0            ; |shacc|mux2:M       ; mux2        ; work         ;
+----------------------------+---------------------+---------------------------+-------------------+------------+------+--------------+---------------------+-------------+--------------+
Note: For table entries with two numbers listed, the numbers in parentheses indicate the number of resources of the given type used by the specific entity alone. The numbers listed outside of parentheses indicate the total resources of the given type used by the specific entity and all of its sub-entities in the hierarchy.


+------------------------------------------------------+
; General Register Statistics                          ;
+----------------------------------------------+-------+
; Statistic                                    ; Value ;
+----------------------------------------------+-------+
; Total registers                              ; 0     ;
; Number of registers using Synchronous Clear  ; 0     ;
; Number of registers using Synchronous Load   ; 0     ;
; Number of registers using Asynchronous Clear ; 0     ;
; Number of registers using Asynchronous Load  ; 0     ;
; Number of registers using Clock Enable       ; 0     ;
; Number of registers using Preset             ; 0     ;
+----------------------------------------------+-------+


+---------------------------------------------------------------------------------------------------------------------------------------------------------------------------------------------------------------+
; Port Connectivity Checks: "mux2:M"                                                                                                                                                                            ;
+------+--------+----------+------------------------------------------------------------------------------------------------------------------------------------------------------------------------------------+
; Port ; Type   ; Severity ; Details                                                                                                                                                                            ;
+------+--------+----------+------------------------------------------------------------------------------------------------------------------------------------------------------------------------------------+
; d0   ; Input  ; Warning  ; Input port expression (16 bits) is wider than the input port (4 bits) it drives.  The 12 most-significant bit(s) in the expression will be dangling if they have no other fanouts. ;
; d1   ; Input  ; Warning  ; Input port expression (16 bits) is wider than the input port (4 bits) it drives.  The 12 most-significant bit(s) in the expression will be dangling if they have no other fanouts. ;
; y    ; Output ; Warning  ; Output or bidir port (4 bits) is smaller than the port expression (16 bits) it drives.  The 12 most-significant bit(s) in the port expression will be connected to GND.            ;
+------+--------+----------+------------------------------------------------------------------------------------------------------------------------------------------------------------------------------------+


+-----------------------------------------------------+
; Post-Synthesis Netlist Statistics for Top Partition ;
+-----------------------+-----------------------------+
; Type                  ; Count                       ;
+-----------------------+-----------------------------+
; arriav_lcell_comb     ; 9                           ;
;     arith             ; 4                           ;
;         2 data inputs ; 4                           ;
;     normal            ; 5                           ;
;         0 data inputs ; 1                           ;
;         3 data inputs ; 4                           ;
; boundary_port         ; 96                          ;
;                       ;                             ;
; Max LUT depth         ; 2.30                        ;
; Average LUT depth     ; 0.90                        ;
+-----------------------+-----------------------------+


+-------------------------------+
; Elapsed Time Per Partition    ;
+----------------+--------------+
; Partition Name ; Elapsed Time ;
+----------------+--------------+
; Top            ; 00:00:00     ;
+----------------+--------------+


+-------------------------------+
; Analysis & Synthesis Messages ;
+-------------------------------+
Info: *******************************************************************
Info: Running Quartus Prime Analysis & Synthesis
    Info: Version 20.1.0 Build 711 06/05/2020 SJ Lite Edition
    Info: Processing started: Wed Mar 30 11:57:56 2022
Info: Command: quartus_map --read_settings_files=on --write_settings_files=off shacc -c shacc
Warning (18236): Number of processors has not been specified which may cause overloading on shared machines.  Set the global assignment NUM_PARALLEL_PROCESSORS in your QSF to an appropriate value for best performance.
Info (20030): Parallel compilation is enabled and will use 4 of the 4 processors detected
Info (12021): Found 1 design units, including 1 entities, in source file /users/leonel/documents/utm/semestre4/computoreconfigurable/quartus/mux2/mux2.sv
    Info (12023): Found entity 1: mux2 File: C:/Users/Leonel/Documents/UTM/Semestre4/ComputoReconfigurable/Quartus/mux2/mux2.sv Line: 1
Info (12021): Found 1 design units, including 1 entities, in source file shacc.sv
    Info (12023): Found entity 1: shacc File: C:/Users/Leonel/Documents/UTM/Semestre4/ComputoReconfigurable/Quartus/shacc.sv/shacc.sv Line: 1
Info (12127): Elaborating entity "shacc" for the top level hierarchy
Info (12128): Elaborating entity "mux2" for hierarchy "mux2:M" File: C:/Users/Leonel/Documents/UTM/Semestre4/ComputoReconfigurable/Quartus/shacc.sv/shacc.sv Line: 7
Warning (12241): 1 hierarchies have connectivity warnings - see the Connectivity Checks report folder
Warning (13024): Output pins are stuck at VCC or GND
    Warning (13410): Pin "out_acc[4]" is stuck at GND File: C:/Users/Leonel/Documents/UTM/Semestre4/ComputoReconfigurable/Quartus/shacc.sv/shacc.sv Line: 4
    Warning (13410): Pin "out_acc[5]" is stuck at GND File: C:/Users/Leonel/Documents/UTM/Semestre4/ComputoReconfigurable/Quartus/shacc.sv/shacc.sv Line: 4
    Warning (13410): Pin "out_acc[6]" is stuck at GND File: C:/Users/Leonel/Documents/UTM/Semestre4/ComputoReconfigurable/Quartus/shacc.sv/shacc.sv Line: 4
    Warning (13410): Pin "out_acc[7]" is stuck at GND File: C:/Users/Leonel/Documents/UTM/Semestre4/ComputoReconfigurable/Quartus/shacc.sv/shacc.sv Line: 4
    Warning (13410): Pin "out_acc[8]" is stuck at GND File: C:/Users/Leonel/Documents/UTM/Semestre4/ComputoReconfigurable/Quartus/shacc.sv/shacc.sv Line: 4
    Warning (13410): Pin "out_acc[9]" is stuck at GND File: C:/Users/Leonel/Documents/UTM/Semestre4/ComputoReconfigurable/Quartus/shacc.sv/shacc.sv Line: 4
    Warning (13410): Pin "out_acc[10]" is stuck at GND File: C:/Users/Leonel/Documents/UTM/Semestre4/ComputoReconfigurable/Quartus/shacc.sv/shacc.sv Line: 4
    Warning (13410): Pin "out_acc[11]" is stuck at GND File: C:/Users/Leonel/Documents/UTM/Semestre4/ComputoReconfigurable/Quartus/shacc.sv/shacc.sv Line: 4
    Warning (13410): Pin "out_acc[12]" is stuck at GND File: C:/Users/Leonel/Documents/UTM/Semestre4/ComputoReconfigurable/Quartus/shacc.sv/shacc.sv Line: 4
    Warning (13410): Pin "out_acc[13]" is stuck at GND File: C:/Users/Leonel/Documents/UTM/Semestre4/ComputoReconfigurable/Quartus/shacc.sv/shacc.sv Line: 4
    Warning (13410): Pin "out_acc[14]" is stuck at GND File: C:/Users/Leonel/Documents/UTM/Semestre4/ComputoReconfigurable/Quartus/shacc.sv/shacc.sv Line: 4
    Warning (13410): Pin "out_acc[15]" is stuck at GND File: C:/Users/Leonel/Documents/UTM/Semestre4/ComputoReconfigurable/Quartus/shacc.sv/shacc.sv Line: 4
    Warning (13410): Pin "out_sh1[0]" is stuck at GND File: C:/Users/Leonel/Documents/UTM/Semestre4/ComputoReconfigurable/Quartus/shacc.sv/shacc.sv Line: 5
    Warning (13410): Pin "out_sh2[15]" is stuck at GND File: C:/Users/Leonel/Documents/UTM/Semestre4/ComputoReconfigurable/Quartus/shacc.sv/shacc.sv Line: 6
Info (286030): Timing-Driven Synthesis is running
Info (16010): Generating hard_block partition "hard_block:auto_generated_inst"
    Info (16011): Adding 0 node(s), including 0 DDIO, 0 PLL, 0 transceiver and 0 LCELL
Warning (21074): Design contains 13 input pin(s) that do not drive logic
    Warning (15610): No output dependent on input pin "in_acc[4]" File: C:/Users/Leonel/Documents/UTM/Semestre4/ComputoReconfigurable/Quartus/shacc.sv/shacc.sv Line: 1
    Warning (15610): No output dependent on input pin "in_acc[5]" File: C:/Users/Leonel/Documents/UTM/Semestre4/ComputoReconfigurable/Quartus/shacc.sv/shacc.sv Line: 1
    Warning (15610): No output dependent on input pin "in_acc[6]" File: C:/Users/Leonel/Documents/UTM/Semestre4/ComputoReconfigurable/Quartus/shacc.sv/shacc.sv Line: 1
    Warning (15610): No output dependent on input pin "in_acc[7]" File: C:/Users/Leonel/Documents/UTM/Semestre4/ComputoReconfigurable/Quartus/shacc.sv/shacc.sv Line: 1
    Warning (15610): No output dependent on input pin "in_acc[8]" File: C:/Users/Leonel/Documents/UTM/Semestre4/ComputoReconfigurable/Quartus/shacc.sv/shacc.sv Line: 1
    Warning (15610): No output dependent on input pin "in_acc[9]" File: C:/Users/Leonel/Documents/UTM/Semestre4/ComputoReconfigurable/Quartus/shacc.sv/shacc.sv Line: 1
    Warning (15610): No output dependent on input pin "in_acc[10]" File: C:/Users/Leonel/Documents/UTM/Semestre4/ComputoReconfigurable/Quartus/shacc.sv/shacc.sv Line: 1
    Warning (15610): No output dependent on input pin "in_acc[11]" File: C:/Users/Leonel/Documents/UTM/Semestre4/ComputoReconfigurable/Quartus/shacc.sv/shacc.sv Line: 1
    Warning (15610): No output dependent on input pin "in_acc[12]" File: C:/Users/Leonel/Documents/UTM/Semestre4/ComputoReconfigurable/Quartus/shacc.sv/shacc.sv Line: 1
    Warning (15610): No output dependent on input pin "in_acc[13]" File: C:/Users/Leonel/Documents/UTM/Semestre4/ComputoReconfigurable/Quartus/shacc.sv/shacc.sv Line: 1
    Warning (15610): No output dependent on input pin "in_acc[14]" File: C:/Users/Leonel/Documents/UTM/Semestre4/ComputoReconfigurable/Quartus/shacc.sv/shacc.sv Line: 1
    Warning (15610): No output dependent on input pin "in_acc[15]" File: C:/Users/Leonel/Documents/UTM/Semestre4/ComputoReconfigurable/Quartus/shacc.sv/shacc.sv Line: 1
    Warning (15610): No output dependent on input pin "in_sh1[15]" File: C:/Users/Leonel/Documents/UTM/Semestre4/ComputoReconfigurable/Quartus/shacc.sv/shacc.sv Line: 2
Info (21057): Implemented 104 device resources after synthesis - the final resource count might be different
    Info (21058): Implemented 48 input pins
    Info (21059): Implemented 48 output pins
    Info (21061): Implemented 8 logic cells
Info: Quartus Prime Analysis & Synthesis was successful. 0 errors, 31 warnings
    Info: Peak virtual memory: 4812 megabytes
    Info: Processing ended: Wed Mar 30 11:58:04 2022
    Info: Elapsed time: 00:00:08
    Info: Total CPU time (on all processors): 00:00:21


